<?xml version="1.0" encoding="UTF-8"?>
<!-- Generated by org.testng.reporters.JUnitReportReporter -->
<testsuite hostname="everton-VM" failures="0" tests="1" name="testcases.LoginTest" time="3.867" errors="0" timestamp="09 fev. 2022 08:26:27 GMT" skipped="0">
  <testcase classname="testcases.LoginTest" name="login" time="3.867"/>
</testsuite> <!-- testcases.LoginTest -->
