<?xml version="1.0" encoding="UTF-8"?>
<!-- Generated by org.testng.reporters.JUnitReportReporter -->
<testsuite hostname="everton-VM" failures="0" tests="1" name="testcases.LoginTest" time="4.256" errors="0" timestamp="08 fev. 2022 17:23:20 GMT" skipped="0">
  <testcase classname="testcases.LoginTest" name="login" time="4.256"/>
</testsuite> <!-- testcases.LoginTest -->
